#
# There is insufficient memory for the Java Runtime Environment to continue.
# Native memory allocation (malloc) failed to allocate 2184176 bytes for Chunk::new
# Possible reasons:
#   The system is out of physical RAM or swap space
#   The process is running with CompressedOops enabled, and the Java Heap may be blocking the growth of the native heap
# Possible solutions:
#   Reduce memory load on the system
#   Increase physical memory or swap space
#   Check if swap backing store is full
#   Decrease Java heap size (-Xmx/-Xms)
#   Decrease number of Java threads
#   Decrease Java thread stack sizes (-Xss)
#   Set larger code cache with -XX:ReservedCodeCacheSize=
#   JVM is running with Unscaled Compressed Oops mode in which the Java heap is
#     placed in the first 4GB address space. The Java Heap base address is the
#     maximum limit for the native heap growth. Please use -XX:HeapBaseMinAddress
#     to set the Java Heap base and to place the Java Heap above 4GB virtual address.
# This output file may be truncated or incomplete.
#
#  Out of Memory Error (src/hotspot/share/memory/arena.cpp:197), pid=19296, tid=9688
#
# JRE version: OpenJDK Runtime Environment JBR-11.0.15.10-2043.56-jcef (11.0.15+10) (build 11.0.15+10-b2043.56)
# Java VM: OpenJDK 64-Bit Server VM JBR-11.0.15.10-2043.56-jcef (11.0.15+10-b2043.56, mixed mode, tiered, compressed oops, g1 gc, windows-amd64)
# No core dump will be written. Minidumps are not enabled by default on client versions of Windows
#

---------------  S U M M A R Y ------------

Command Line: -Djava.rmi.server.hostname=127.0.0.1 -Duser.timezone=UTC -Xmx750m -Xms128m -Dfile.encoding=UTF-8 com.intellij.database.remote.RemoteJdbcServer org.postgresql.Driver

Host: 11th Gen Intel(R) Core(TM) i5-11400H @ 2.70GHz, 12 cores, 23G,  Windows 11 , 64 bit Build 22621 (10.0.22621.2070)
Time: Thu Aug 31 17:01:47 2023  Windows 11 , 64 bit Build 22621 (10.0.22621.2070) elapsed time: 22.585391 seconds (0d 0h 0m 22s)

---------------  T H R E A D  ---------------

Current thread (0x000002565e54e800):  JavaThread "C2 CompilerThread0" daemon [_thread_in_native, id=9688, stack(0x0000008118f00000,0x0000008119000000)]


Current CompileTask:
C2:  22585 2286       4       java.io.ObjectInputStream::readClassDesc (123 bytes)

Stack: [0x0000008118f00000,0x0000008119000000]
Native frames: (J=compiled Java code, j=interpreted, Vv=VM code, C=native code)
V  [jvm.dll+0x61612a]
V  [jvm.dll+0x79c450]
V  [jvm.dll+0x79da6d]
V  [jvm.dll+0x79e143]
V  [jvm.dll+0x24cc18]
V  [jvm.dll+0xc15ac]
V  [jvm.dll+0xc1adc]
V  [jvm.dll+0x362fad]
V  [jvm.dll+0x19f25c]
V  [jvm.dll+0x20545e]
V  [jvm.dll+0x2044d7]
V  [jvm.dll+0x18b6b1]
V  [jvm.dll+0x2131bf]
V  [jvm.dll+0x211a61]
V  [jvm.dll+0x76300f]
V  [jvm.dll+0x75bc15]
V  [jvm.dll+0x614d96]
C  [ucrtbase.dll+0x29363]
C  [KERNEL32.DLL+0x126ad]
C  [ntdll.dll+0x5aa68]


---------------  P R O C E S S  ---------------

Threads class SMR info:
_java_thread_list=0x000002565f6fa910, length=20, elements={
0x0000025646b1a800, 0x000002565e52b800, 0x000002565e52f800, 0x000002565e54a000,
0x000002565e54c000, 0x000002565e54d800, 0x000002565e54e800, 0x000002565e552000,
0x000002565e554000, 0x000002565f02a000, 0x000002565f37c800, 0x000002565f38d800,
0x000002565f392800, 0x000002565f395000, 0x000002565f94b000, 0x0000025660257800,
0x000002565f0ac800, 0x000002565f935000, 0x00000256623c1800, 0x000002565f499000
}

Java Threads: ( => current thread )
  0x0000025646b1a800 JavaThread "main" [_thread_blocked, id=9684, stack(0x0000008118300000,0x0000008118400000)]
  0x000002565e52b800 JavaThread "Reference Handler" daemon [_thread_blocked, id=10392, stack(0x0000008118a00000,0x0000008118b00000)]
  0x000002565e52f800 JavaThread "Finalizer" daemon [_thread_blocked, id=17948, stack(0x0000008118b00000,0x0000008118c00000)]
  0x000002565e54a000 JavaThread "Signal Dispatcher" daemon [_thread_blocked, id=17888, stack(0x0000008118c00000,0x0000008118d00000)]
  0x000002565e54c000 JavaThread "Attach Listener" daemon [_thread_blocked, id=21396, stack(0x0000008118d00000,0x0000008118e00000)]
  0x000002565e54d800 JavaThread "Service Thread" daemon [_thread_blocked, id=20540, stack(0x0000008118e00000,0x0000008118f00000)]
=>0x000002565e54e800 JavaThread "C2 CompilerThread0" daemon [_thread_in_native, id=9688, stack(0x0000008118f00000,0x0000008119000000)]
  0x000002565e552000 JavaThread "C1 CompilerThread0" daemon [_thread_blocked, id=1304, stack(0x0000008119000000,0x0000008119100000)]
  0x000002565e554000 JavaThread "Sweeper thread" daemon [_thread_blocked, id=5904, stack(0x0000008119100000,0x0000008119200000)]
  0x000002565f02a000 JavaThread "Common-Cleaner" daemon [_thread_blocked, id=16952, stack(0x0000008119300000,0x0000008119400000)]
  0x000002565f37c800 JavaThread "RMI TCP Accept-4052" daemon [_thread_in_native, id=10864, stack(0x0000008119400000,0x0000008119500000)]
  0x000002565f38d800 JavaThread "RMI TCP Accept-0" daemon [_thread_in_native, id=5244, stack(0x0000008119500000,0x0000008119600000)]
  0x000002565f392800 JavaThread "RMI Reaper" [_thread_blocked, id=12732, stack(0x0000008119600000,0x0000008119700000)]
  0x000002565f395000 JavaThread "RMI GC Daemon" daemon [_thread_blocked, id=4628, stack(0x0000008119700000,0x0000008119800000)]
  0x000002565f94b000 JavaThread "RMI TCP Connection(1)-127.0.0.1" daemon [_thread_in_native, id=20384, stack(0x0000008119900000,0x0000008119a00000)]
  0x0000025660257800 JavaThread "RMI TCP Connection(2)-127.0.0.1" daemon [_thread_in_native, id=11708, stack(0x0000008119a00000,0x0000008119b00000)]
  0x000002565f0ac800 JavaThread "RMI Scheduler(0)" daemon [_thread_blocked, id=7812, stack(0x0000008119b00000,0x0000008119c00000)]
  0x000002565f935000 JavaThread "PostgreSQL-JDBC-Cleaner" daemon [_thread_blocked, id=7092, stack(0x0000008119e00000,0x0000008119f00000)]
  0x00000256623c1800 JavaThread "RMI TCP Connection(3)-127.0.0.1" daemon [_thread_in_native, id=19880, stack(0x000000811a100000,0x000000811a200000)]
  0x000002565f499000 JavaThread "RMI TCP Connection(4)-127.0.0.1" daemon [_thread_in_native, id=13396, stack(0x000000811ab00000,0x000000811ac00000)]

Other Threads:
  0x000002565e529800 VMThread "VM Thread" [stack: 0x0000008118900000,0x0000008118a00000] [id=19052]
  0x000002565f01e000 WatcherThread [stack: 0x0000008119200000,0x0000008119300000] [id=17456]
  0x0000025646b33000 GCTaskThread "GC Thread#0" [stack: 0x0000008118400000,0x0000008118500000] [id=19980]
  0x000002566041a800 GCTaskThread "GC Thread#1" [stack: 0x0000008119800000,0x0000008119900000] [id=12584]
  0x000002565f54e800 GCTaskThread "GC Thread#2" [stack: 0x0000008119d00000,0x0000008119e00000] [id=13980]
  0x000002565f640000 GCTaskThread "GC Thread#3" [stack: 0x0000008119f00000,0x000000811a000000] [id=8220]
  0x0000025646b4a000 ConcurrentGCThread "G1 Main Marker" [stack: 0x0000008118500000,0x0000008118600000] [id=13896]
  0x0000025646b4b000 ConcurrentGCThread "G1 Conc#0" [stack: 0x0000008118600000,0x0000008118700000] [id=3324]
  0x000002565e380800 ConcurrentGCThread "G1 Refine#0" [stack: 0x0000008118700000,0x0000008118800000] [id=8980]
  0x000002565f028800 ConcurrentGCThread "G1 Refine#1" [stack: 0x000000811a000000,0x000000811a100000] [id=20724]
  0x000002565e381800 ConcurrentGCThread "G1 Young RemSet Sampling" [stack: 0x0000008118800000,0x0000008118900000] [id=20204]

Threads with active compile tasks:
C2 CompilerThread0    22608 2286       4       java.io.ObjectInputStream::readClassDesc (123 bytes)

VM state:not at safepoint (normal execution)

VM Mutex/Monitor currently owned by a thread: None

Heap address: 0x00000000d1200000, size: 750 MB, Compressed Oops mode: 32-bit
Narrow klass base: 0x0000000000000000, Narrow klass shift: 3
Compressed class space size: 1073741824 Address: 0x0000000100000000

Heap:
 garbage-first heap   total 131072K, used 21440K [0x00000000d1200000, 0x0000000100000000)
  region size 1024K, 17 young (17408K), 1 survivors (1024K)
 Metaspace       used 18568K, capacity 19331K, committed 19584K, reserved 1067008K
  class space    used 1868K, capacity 2150K, committed 2176K, reserved 1048576K
Heap Regions: E=young(eden), S=young(survivor), O=old, HS=humongous(starts), HC=humongous(continues), CS=collection set, F=free, A=archive, TAMS=top-at-mark-start (previous, next)
|   0|0x00000000d1200000, 0x00000000d1300000, 0x00000000d1300000|100%| O|  |TAMS 0x00000000d1200000, 0x00000000d1200000| Untracked 
|   1|0x00000000d1300000, 0x00000000d1400000, 0x00000000d1400000|100%| O|  |TAMS 0x00000000d1300000, 0x00000000d1300000| Untracked 
|   2|0x00000000d1400000, 0x00000000d1500000, 0x00000000d1500000|100%| O|  |TAMS 0x00000000d1400000, 0x00000000d1400000| Untracked 
|   3|0x00000000d1500000, 0x00000000d1600000, 0x00000000d1600000|100%| O|  |TAMS 0x00000000d1500000, 0x00000000d1500000| Untracked 
|   4|0x00000000d1600000, 0x00000000d1700000, 0x00000000d1700000|100%| O|  |TAMS 0x00000000d1600000, 0x00000000d1600000| Untracked 
|   5|0x00000000d1700000, 0x00000000d1700000, 0x00000000d1800000|  0%| F|  |TAMS 0x00000000d1700000, 0x00000000d1700000| Untracked 
|   6|0x00000000d1800000, 0x00000000d1800000, 0x00000000d1900000|  0%| F|  |TAMS 0x00000000d1800000, 0x00000000d1800000| Untracked 
|   7|0x00000000d1900000, 0x00000000d1900000, 0x00000000d1a00000|  0%| F|  |TAMS 0x00000000d1900000, 0x00000000d1900000| Untracked 
|   8|0x00000000d1a00000, 0x00000000d1a00000, 0x00000000d1b00000|  0%| F|  |TAMS 0x00000000d1a00000, 0x00000000d1a00000| Untracked 
|   9|0x00000000d1b00000, 0x00000000d1b00000, 0x00000000d1c00000|  0%| F|  |TAMS 0x00000000d1b00000, 0x00000000d1b00000| Untracked 
|  10|0x00000000d1c00000, 0x00000000d1c00000, 0x00000000d1d00000|  0%| F|  |TAMS 0x00000000d1c00000, 0x00000000d1c00000| Untracked 
|  11|0x00000000d1d00000, 0x00000000d1d00000, 0x00000000d1e00000|  0%| F|  |TAMS 0x00000000d1d00000, 0x00000000d1d00000| Untracked 
|  12|0x00000000d1e00000, 0x00000000d1e00000, 0x00000000d1f00000|  0%| F|  |TAMS 0x00000000d1e00000, 0x00000000d1e00000| Untracked 
|  13|0x00000000d1f00000, 0x00000000d1f00000, 0x00000000d2000000|  0%| F|  |TAMS 0x00000000d1f00000, 0x00000000d1f00000| Untracked 
|  14|0x00000000d2000000, 0x00000000d2000000, 0x00000000d2100000|  0%| F|  |TAMS 0x00000000d2000000, 0x00000000d2000000| Untracked 
|  15|0x00000000d2100000, 0x00000000d2100000, 0x00000000d2200000|  0%| F|  |TAMS 0x00000000d2100000, 0x00000000d2100000| Untracked 
|  16|0x00000000d2200000, 0x00000000d2200000, 0x00000000d2300000|  0%| F|  |TAMS 0x00000000d2200000, 0x00000000d2200000| Untracked 
|  17|0x00000000d2300000, 0x00000000d2300000, 0x00000000d2400000|  0%| F|  |TAMS 0x00000000d2300000, 0x00000000d2300000| Untracked 
|  18|0x00000000d2400000, 0x00000000d2400000, 0x00000000d2500000|  0%| F|  |TAMS 0x00000000d2400000, 0x00000000d2400000| Untracked 
|  19|0x00000000d2500000, 0x00000000d2500000, 0x00000000d2600000|  0%| F|  |TAMS 0x00000000d2500000, 0x00000000d2500000| Untracked 
|  20|0x00000000d2600000, 0x00000000d2600000, 0x00000000d2700000|  0%| F|  |TAMS 0x00000000d2600000, 0x00000000d2600000| Untracked 
|  21|0x00000000d2700000, 0x00000000d2700000, 0x00000000d2800000|  0%| F|  |TAMS 0x00000000d2700000, 0x00000000d2700000| Untracked 
|  22|0x00000000d2800000, 0x00000000d2800000, 0x00000000d2900000|  0%| F|  |TAMS 0x00000000d2800000, 0x00000000d2800000| Untracked 
|  23|0x00000000d2900000, 0x00000000d2900000, 0x00000000d2a00000|  0%| F|  |TAMS 0x00000000d2900000, 0x00000000d2900000| Untracked 
|  24|0x00000000d2a00000, 0x00000000d2a00000, 0x00000000d2b00000|  0%| F|  |TAMS 0x00000000d2a00000, 0x00000000d2a00000| Untracked 
|  25|0x00000000d2b00000, 0x00000000d2b00000, 0x00000000d2c00000|  0%| F|  |TAMS 0x00000000d2b00000, 0x00000000d2b00000| Untracked 
|  26|0x00000000d2c00000, 0x00000000d2c00000, 0x00000000d2d00000|  0%| F|  |TAMS 0x00000000d2c00000, 0x00000000d2c00000| Untracked 
|  27|0x00000000d2d00000, 0x00000000d2d00000, 0x00000000d2e00000|  0%| F|  |TAMS 0x00000000d2d00000, 0x00000000d2d00000| Untracked 
|  28|0x00000000d2e00000, 0x00000000d2e00000, 0x00000000d2f00000|  0%| F|  |TAMS 0x00000000d2e00000, 0x00000000d2e00000| Untracked 
|  29|0x00000000d2f00000, 0x00000000d2f00000, 0x00000000d3000000|  0%| F|  |TAMS 0x00000000d2f00000, 0x00000000d2f00000| Untracked 
|  30|0x00000000d3000000, 0x00000000d3000000, 0x00000000d3100000|  0%| F|  |TAMS 0x00000000d3000000, 0x00000000d3000000| Untracked 
|  31|0x00000000d3100000, 0x00000000d3100000, 0x00000000d3200000|  0%| F|  |TAMS 0x00000000d3100000, 0x00000000d3100000| Untracked 
|  32|0x00000000d3200000, 0x00000000d3200000, 0x00000000d3300000|  0%| F|  |TAMS 0x00000000d3200000, 0x00000000d3200000| Untracked 
|  33|0x00000000d3300000, 0x00000000d3300000, 0x00000000d3400000|  0%| F|  |TAMS 0x00000000d3300000, 0x00000000d3300000| Untracked 
|  34|0x00000000d3400000, 0x00000000d3400000, 0x00000000d3500000|  0%| F|  |TAMS 0x00000000d3400000, 0x00000000d3400000| Untracked 
|  35|0x00000000d3500000, 0x00000000d3500000, 0x00000000d3600000|  0%| F|  |TAMS 0x00000000d3500000, 0x00000000d3500000| Untracked 
|  36|0x00000000d3600000, 0x00000000d3600000, 0x00000000d3700000|  0%| F|  |TAMS 0x00000000d3600000, 0x00000000d3600000| Untracked 
|  37|0x00000000d3700000, 0x00000000d3700000, 0x00000000d3800000|  0%| F|  |TAMS 0x00000000d3700000, 0x00000000d3700000| Untracked 
|  38|0x00000000d3800000, 0x00000000d3800000, 0x00000000d3900000|  0%| F|  |TAMS 0x00000000d3800000, 0x00000000d3800000| Untracked 
|  39|0x00000000d3900000, 0x00000000d3900000, 0x00000000d3a00000|  0%| F|  |TAMS 0x00000000d3900000, 0x00000000d3900000| Untracked 
|  40|0x00000000d3a00000, 0x00000000d3a00000, 0x00000000d3b00000|  0%| F|  |TAMS 0x00000000d3a00000, 0x00000000d3a00000| Untracked 
|  41|0x00000000d3b00000, 0x00000000d3b00000, 0x00000000d3c00000|  0%| F|  |TAMS 0x00000000d3b00000, 0x00000000d3b00000| Untracked 
|  42|0x00000000d3c00000, 0x00000000d3c00000, 0x00000000d3d00000|  0%| F|  |TAMS 0x00000000d3c00000, 0x00000000d3c00000| Untracked 
|  43|0x00000000d3d00000, 0x00000000d3d00000, 0x00000000d3e00000|  0%| F|  |TAMS 0x00000000d3d00000, 0x00000000d3d00000| Untracked 
|  44|0x00000000d3e00000, 0x00000000d3e00000, 0x00000000d3f00000|  0%| F|  |TAMS 0x00000000d3e00000, 0x00000000d3e00000| Untracked 
|  45|0x00000000d3f00000, 0x00000000d3f00000, 0x00000000d4000000|  0%| F|  |TAMS 0x00000000d3f00000, 0x00000000d3f00000| Untracked 
|  46|0x00000000d4000000, 0x00000000d4000000, 0x00000000d4100000|  0%| F|  |TAMS 0x00000000d4000000, 0x00000000d4000000| Untracked 
|  47|0x00000000d4100000, 0x00000000d4100000, 0x00000000d4200000|  0%| F|  |TAMS 0x00000000d4100000, 0x00000000d4100000| Untracked 
|  48|0x00000000d4200000, 0x00000000d4200000, 0x00000000d4300000|  0%| F|  |TAMS 0x00000000d4200000, 0x00000000d4200000| Untracked 
|  49|0x00000000d4300000, 0x00000000d4300000, 0x00000000d4400000|  0%| F|  |TAMS 0x00000000d4300000, 0x00000000d4300000| Untracked 
|  50|0x00000000d4400000, 0x00000000d4400000, 0x00000000d4500000|  0%| F|  |TAMS 0x00000000d4400000, 0x00000000d4400000| Untracked 
|  51|0x00000000d4500000, 0x00000000d4500000, 0x00000000d4600000|  0%| F|  |TAMS 0x00000000d4500000, 0x00000000d4500000| Untracked 
|  52|0x00000000d4600000, 0x00000000d4600000, 0x00000000d4700000|  0%| F|  |TAMS 0x00000000d4600000, 0x00000000d4600000| Untracked 
|  53|0x00000000d4700000, 0x00000000d4700000, 0x00000000d4800000|  0%| F|  |TAMS 0x00000000d4700000, 0x00000000d4700000| Untracked 
|  54|0x00000000d4800000, 0x00000000d4800000, 0x00000000d4900000|  0%| F|  |TAMS 0x00000000d4800000, 0x00000000d4800000| Untracked 
|  55|0x00000000d4900000, 0x00000000d4900000, 0x00000000d4a00000|  0%| F|  |TAMS 0x00000000d4900000, 0x00000000d4900000| Untracked 
|  56|0x00000000d4a00000, 0x00000000d4a00000, 0x00000000d4b00000|  0%| F|  |TAMS 0x00000000d4a00000, 0x00000000d4a00000| Untracked 
|  57|0x00000000d4b00000, 0x00000000d4b00000, 0x00000000d4c00000|  0%| F|  |TAMS 0x00000000d4b00000, 0x00000000d4b00000| Untracked 
|  58|0x00000000d4c00000, 0x00000000d4c00000, 0x00000000d4d00000|  0%| F|  |TAMS 0x00000000d4c00000, 0x00000000d4c00000| Untracked 
|  59|0x00000000d4d00000, 0x00000000d4d00000, 0x00000000d4e00000|  0%| F|  |TAMS 0x00000000d4d00000, 0x00000000d4d00000| Untracked 
|  60|0x00000000d4e00000, 0x00000000d4e00000, 0x00000000d4f00000|  0%| F|  |TAMS 0x00000000d4e00000, 0x00000000d4e00000| Untracked 
|  61|0x00000000d4f00000, 0x00000000d4f00000, 0x00000000d5000000|  0%| F|  |TAMS 0x00000000d4f00000, 0x00000000d4f00000| Untracked 
|  62|0x00000000d5000000, 0x00000000d5000000, 0x00000000d5100000|  0%| F|  |TAMS 0x00000000d5000000, 0x00000000d5000000| Untracked 
|  63|0x00000000d5100000, 0x00000000d5100000, 0x00000000d5200000|  0%| F|  |TAMS 0x00000000d5100000, 0x00000000d5100000| Untracked 
|  64|0x00000000d5200000, 0x00000000d5200000, 0x00000000d5300000|  0%| F|  |TAMS 0x00000000d5200000, 0x00000000d5200000| Untracked 
|  65|0x00000000d5300000, 0x00000000d5300000, 0x00000000d5400000|  0%| F|  |TAMS 0x00000000d5300000, 0x00000000d5300000| Untracked 
|  66|0x00000000d5400000, 0x00000000d5400000, 0x00000000d5500000|  0%| F|  |TAMS 0x00000000d5400000, 0x00000000d5400000| Untracked 
|  67|0x00000000d5500000, 0x00000000d5500000, 0x00000000d5600000|  0%| F|  |TAMS 0x00000000d5500000, 0x00000000d5500000| Untracked 
|  68|0x00000000d5600000, 0x00000000d5600000, 0x00000000d5700000|  0%| F|  |TAMS 0x00000000d5600000, 0x00000000d5600000| Untracked 
|  69|0x00000000d5700000, 0x00000000d5700000, 0x00000000d5800000|  0%| F|  |TAMS 0x00000000d5700000, 0x00000000d5700000| Untracked 
|  70|0x00000000d5800000, 0x00000000d5800000, 0x00000000d5900000|  0%| F|  |TAMS 0x00000000d5800000, 0x00000000d5800000| Untracked 
|  71|0x00000000d5900000, 0x00000000d5900000, 0x00000000d5a00000|  0%| F|  |TAMS 0x00000000d5900000, 0x00000000d5900000| Untracked 
|  72|0x00000000d5a00000, 0x00000000d5a00000, 0x00000000d5b00000|  0%| F|  |TAMS 0x00000000d5a00000, 0x00000000d5a00000| Untracked 
|  73|0x00000000d5b00000, 0x00000000d5b00000, 0x00000000d5c00000|  0%| F|  |TAMS 0x00000000d5b00000, 0x00000000d5b00000| Untracked 
|  74|0x00000000d5c00000, 0x00000000d5c00000, 0x00000000d5d00000|  0%| F|  |TAMS 0x00000000d5c00000, 0x00000000d5c00000| Untracked 
|  75|0x00000000d5d00000, 0x00000000d5d00000, 0x00000000d5e00000|  0%| F|  |TAMS 0x00000000d5d00000, 0x00000000d5d00000| Untracked 
|  76|0x00000000d5e00000, 0x00000000d5e00000, 0x00000000d5f00000|  0%| F|  |TAMS 0x00000000d5e00000, 0x00000000d5e00000| Untracked 
|  77|0x00000000d5f00000, 0x00000000d5f00000, 0x00000000d6000000|  0%| F|  |TAMS 0x00000000d5f00000, 0x00000000d5f00000| Untracked 
|  78|0x00000000d6000000, 0x00000000d6000000, 0x00000000d6100000|  0%| F|  |TAMS 0x00000000d6000000, 0x00000000d6000000| Untracked 
|  79|0x00000000d6100000, 0x00000000d6100000, 0x00000000d6200000|  0%| F|  |TAMS 0x00000000d6100000, 0x00000000d6100000| Untracked 
|  80|0x00000000d6200000, 0x00000000d6200000, 0x00000000d6300000|  0%| F|  |TAMS 0x00000000d6200000, 0x00000000d6200000| Untracked 
|  81|0x00000000d6300000, 0x00000000d6300000, 0x00000000d6400000|  0%| F|  |TAMS 0x00000000d6300000, 0x00000000d6300000| Untracked 
|  82|0x00000000d6400000, 0x00000000d6400000, 0x00000000d6500000|  0%| F|  |TAMS 0x00000000d6400000, 0x00000000d6400000| Untracked 
|  83|0x00000000d6500000, 0x00000000d6500000, 0x00000000d6600000|  0%| F|  |TAMS 0x00000000d6500000, 0x00000000d6500000| Untracked 
|  84|0x00000000d6600000, 0x00000000d6600000, 0x00000000d6700000|  0%| F|  |TAMS 0x00000000d6600000, 0x00000000d6600000| Untracked 
|  85|0x00000000d6700000, 0x00000000d6700000, 0x00000000d6800000|  0%| F|  |TAMS 0x00000000d6700000, 0x00000000d6700000| Untracked 
|  86|0x00000000d6800000, 0x00000000d6800000, 0x00000000d6900000|  0%| F|  |TAMS 0x00000000d6800000, 0x00000000d6800000| Untracked 
|  87|0x00000000d6900000, 0x00000000d6900000, 0x00000000d6a00000|  0%| F|  |TAMS 0x00000000d6900000, 0x00000000d6900000| Untracked 
|  88|0x00000000d6a00000, 0x00000000d6a00000, 0x00000000d6b00000|  0%| F|  |TAMS 0x00000000d6a00000, 0x00000000d6a00000| Untracked 
|  89|0x00000000d6b00000, 0x00000000d6b00000, 0x00000000d6c00000|  0%| F|  |TAMS 0x00000000d6b00000, 0x00000000d6b00000| Untracked 
|  90|0x00000000d6c00000, 0x00000000d6c00000, 0x00000000d6d00000|  0%| F|  |TAMS 0x00000000d6c00000, 0x00000000d6c00000| Untracked 
|  91|0x00000000d6d00000, 0x00000000d6d00000, 0x00000000d6e00000|  0%| F|  |TAMS 0x00000000d6d00000, 0x00000000d6d00000| Untracked 
|  92|0x00000000d6e00000, 0x00000000d6e00000, 0x00000000d6f00000|  0%| F|  |TAMS 0x00000000d6e00000, 0x00000000d6e00000| Untracked 
|  93|0x00000000d6f00000, 0x00000000d6f00000, 0x00000000d7000000|  0%| F|  |TAMS 0x00000000d6f00000, 0x00000000d6f00000| Untracked 
|  94|0x00000000d7000000, 0x00000000d7000000, 0x00000000d7100000|  0%| F|  |TAMS 0x00000000d7000000, 0x00000000d7000000| Untracked 
|  95|0x00000000d7100000, 0x00000000d7100000, 0x00000000d7200000|  0%| F|  |TAMS 0x00000000d7100000, 0x00000000d7100000| Untracked 
|  96|0x00000000d7200000, 0x00000000d7200000, 0x00000000d7300000|  0%| F|  |TAMS 0x00000000d7200000, 0x00000000d7200000| Untracked 
|  97|0x00000000d7300000, 0x00000000d7300000, 0x00000000d7400000|  0%| F|  |TAMS 0x00000000d7300000, 0x00000000d7300000| Untracked 
|  98|0x00000000d7400000, 0x00000000d7400000, 0x00000000d7500000|  0%| F|  |TAMS 0x00000000d7400000, 0x00000000d7400000| Untracked 
|  99|0x00000000d7500000, 0x00000000d7500000, 0x00000000d7600000|  0%| F|  |TAMS 0x00000000d7500000, 0x00000000d7500000| Untracked 
| 100|0x00000000d7600000, 0x00000000d7600000, 0x00000000d7700000|  0%| F|  |TAMS 0x00000000d7600000, 0x00000000d7600000| Untracked 
| 101|0x00000000d7700000, 0x00000000d7700000, 0x00000000d7800000|  0%| F|  |TAMS 0x00000000d7700000, 0x00000000d7700000| Untracked 
| 102|0x00000000d7800000, 0x00000000d7800000, 0x00000000d7900000|  0%| F|  |TAMS 0x00000000d7800000, 0x00000000d7800000| Untracked 
| 103|0x00000000d7900000, 0x00000000d7900000, 0x00000000d7a00000|  0%| F|  |TAMS 0x00000000d7900000, 0x00000000d7900000| Untracked 
| 104|0x00000000d7a00000, 0x00000000d7a00000, 0x00000000d7b00000|  0%| F|  |TAMS 0x00000000d7a00000, 0x00000000d7a00000| Untracked 
| 105|0x00000000d7b00000, 0x00000000d7b00000, 0x00000000d7c00000|  0%| F|  |TAMS 0x00000000d7b00000, 0x00000000d7b00000| Untracked 
| 106|0x00000000d7c00000, 0x00000000d7c00000, 0x00000000d7d00000|  0%| F|  |TAMS 0x00000000d7c00000, 0x00000000d7c00000| Untracked 
| 107|0x00000000d7d00000, 0x00000000d7d00000, 0x00000000d7e00000|  0%| F|  |TAMS 0x00000000d7d00000, 0x00000000d7d00000| Untracked 
| 108|0x00000000d7e00000, 0x00000000d7e00000, 0x00000000d7f00000|  0%| F|  |TAMS 0x00000000d7e00000, 0x00000000d7e00000| Untracked 
| 109|0x00000000d7f00000, 0x00000000d7f00000, 0x00000000d8000000|  0%| F|  |TAMS 0x00000000d7f00000, 0x00000000d7f00000| Untracked 
| 110|0x00000000d8000000, 0x00000000d8000000, 0x00000000d8100000|  0%| F|  |TAMS 0x00000000d8000000, 0x00000000d8000000| Untracked 
| 111|0x00000000d8100000, 0x00000000d8100800, 0x00000000d8200000|  0%| E|  |TAMS 0x00000000d8100000, 0x00000000d8100000| Complete 
| 112|0x00000000d8200000, 0x00000000d8300000, 0x00000000d8300000|100%| E|CS|TAMS 0x00000000d8200000, 0x00000000d8200000| Complete 
| 113|0x00000000d8300000, 0x00000000d8400000, 0x00000000d8400000|100%| E|CS|TAMS 0x00000000d8300000, 0x00000000d8300000| Complete 
| 114|0x00000000d8400000, 0x00000000d84f0190, 0x00000000d8500000| 93%| S|CS|TAMS 0x00000000d8400000, 0x00000000d8400000| Complete 
| 115|0x00000000d8500000, 0x00000000d8600000, 0x00000000d8600000|100%| E|CS|TAMS 0x00000000d8500000, 0x00000000d8500000| Complete 
| 116|0x00000000d8600000, 0x00000000d8700000, 0x00000000d8700000|100%| E|CS|TAMS 0x00000000d8600000, 0x00000000d8600000| Complete 
| 117|0x00000000d8700000, 0x00000000d8800000, 0x00000000d8800000|100%| E|CS|TAMS 0x00000000d8700000, 0x00000000d8700000| Complete 
| 118|0x00000000d8800000, 0x00000000d8900000, 0x00000000d8900000|100%| E|CS|TAMS 0x00000000d8800000, 0x00000000d8800000| Complete 
| 119|0x00000000d8900000, 0x00000000d8a00000, 0x00000000d8a00000|100%| E|CS|TAMS 0x00000000d8900000, 0x00000000d8900000| Complete 
| 120|0x00000000d8a00000, 0x00000000d8b00000, 0x00000000d8b00000|100%| E|CS|TAMS 0x00000000d8a00000, 0x00000000d8a00000| Complete 
| 121|0x00000000d8b00000, 0x00000000d8c00000, 0x00000000d8c00000|100%| E|CS|TAMS 0x00000000d8b00000, 0x00000000d8b00000| Complete 
| 122|0x00000000d8c00000, 0x00000000d8d00000, 0x00000000d8d00000|100%| E|CS|TAMS 0x00000000d8c00000, 0x00000000d8c00000| Complete 
| 123|0x00000000d8d00000, 0x00000000d8e00000, 0x00000000d8e00000|100%| E|CS|TAMS 0x00000000d8d00000, 0x00000000d8d00000| Complete 
| 124|0x00000000d8e00000, 0x00000000d8f00000, 0x00000000d8f00000|100%| E|CS|TAMS 0x00000000d8e00000, 0x00000000d8e00000| Complete 
| 125|0x00000000d8f00000, 0x00000000d9000000, 0x00000000d9000000|100%| E|CS|TAMS 0x00000000d8f00000, 0x00000000d8f00000| Complete 
| 126|0x00000000d9000000, 0x00000000d9100000, 0x00000000d9100000|100%| E|CS|TAMS 0x00000000d9000000, 0x00000000d9000000| Complete 
| 127|0x00000000d9100000, 0x00000000d9200000, 0x00000000d9200000|100%| E|CS|TAMS 0x00000000d9100000, 0x00000000d9100000| Complete 

Card table byte_map: [0x0000025659e50000,0x0000025659fd0000] _byte_map_base: 0x00000256597c7000

Marking Bits (Prev, Next): (CMBitMap*) 0x0000025646b460d8, (CMBitMap*) 0x0000025646b46110
 Prev Bits: [0x000002565a150000, 0x000002565ad08000)
 Next Bits: [0x000002565ad10000, 0x000002565b8c8000)

Polling page: 0x0000025644aa0000

Metaspace:

Usage:
  Non-class:     16.78 MB capacity,    16.31 MB ( 97%) used,   414.34 KB (  2%) free+waste,    66.00 KB ( <1%) overhead. 
      Class:      2.10 MB capacity,     1.82 MB ( 87%) used,   249.53 KB ( 12%) free+waste,    32.19 KB (  1%) overhead. 
       Both:     18.88 MB capacity,    18.13 MB ( 96%) used,   663.88 KB (  3%) free+waste,    98.19 KB ( <1%) overhead. 

Virtual space:
  Non-class space:       18.00 MB reserved,      17.00 MB ( 94%) committed 
      Class space:        1.00 GB reserved,       2.13 MB ( <1%) committed 
             Both:        1.02 GB reserved,      19.13 MB (  2%) committed 

Chunk freelists:
   Non-Class:  35.00 KB
       Class:  0 bytes
        Both:  35.00 KB

MaxMetaspaceSize: 17179869184.00 GB
CompressedClassSpaceSize: 1.00 GB
Initial GC threshold: 20.80 MB
Current GC threshold: 20.80 MB
CDS: off

CodeHeap 'non-profiled nmethods': size=120000Kb used=1146Kb max_used=1146Kb free=118854Kb
 bounds [0x0000025652250000, 0x00000256524c0000, 0x0000025659780000]
CodeHeap 'profiled nmethods': size=120000Kb used=4698Kb max_used=4698Kb free=115301Kb
 bounds [0x000002564ad20000, 0x000002564b1c0000, 0x0000025652250000]
CodeHeap 'non-nmethods': size=5760Kb used=1230Kb max_used=1287Kb free=4529Kb
 bounds [0x000002564a780000, 0x000002564a9f0000, 0x000002564ad20000]
 total_blobs=2777 nmethods=2285 adapters=404
 compilation: enabled
              stopped_count=0, restarted_count=0
 full_count=0

Compilation events (20 events):
Event: 10.578 Thread 0x000002565e552000 nmethod 2277 0x000002564b1afb90 code [0x000002564b1b00a0, 0x000002564b1b2af8]
Event: 10.578 Thread 0x000002565e552000 2276       1       org.postgresql.core.Field::getMetadata (5 bytes)
Event: 10.578 Thread 0x000002565e552000 nmethod 2276 0x000002565236e510 code [0x000002565236e6c0, 0x000002565236e778]
Event: 10.578 Thread 0x000002565e552000 2278       3       jdk.internal.misc.Unsafe::ensureClassInitialized (18 bytes)
Event: 10.578 Thread 0x000002565e552000 nmethod 2278 0x000002564b1b3f90 code [0x000002564b1b4160, 0x000002564b1b4378]
Event: 10.578 Thread 0x000002565e552000 2279       3       java.io.SerialCallbackContext::checkAndSetUsed (26 bytes)
Event: 10.579 Thread 0x000002565e552000 nmethod 2279 0x000002564b1b4490 code [0x000002564b1b4660, 0x000002564b1b4868]
Event: 10.579 Thread 0x000002565e552000 2280       3       java.io.SerialCallbackContext::getObj (9 bytes)
Event: 10.579 Thread 0x000002565e552000 nmethod 2280 0x000002564b1b4910 code [0x000002564b1b4ae0, 0x000002564b1b4d48]
Event: 10.869 Thread 0x000002565e552000 2281       3       org.postgresql.jdbc.PgStatement::clearWarnings (6 bytes)
Event: 10.869 Thread 0x000002565e552000 nmethod 2281 0x000002564b1b4e90 code [0x000002564b1b5040, 0x000002564b1b5198]
Event: 10.872 Thread 0x000002565e552000 2282       3       java.util.concurrent.ThreadPoolExecutor::workerCountOf (5 bytes)
Event: 10.872 Thread 0x000002565e552000 nmethod 2282 0x000002564b1b5210 code [0x000002564b1b53c0, 0x000002564b1b5498]
Event: 12.188 Thread 0x000002565e552000 2283  s    3       java.util.Vector::indexOf (67 bytes)
Event: 12.188 Thread 0x000002565e552000 nmethod 2283 0x000002564b1b5510 code [0x000002564b1b5700, 0x000002564b1b5d68]
Event: 12.188 Thread 0x000002565e552000 2284  s    3       java.util.Vector::isEmpty (13 bytes)
Event: 12.188 Thread 0x000002565e552000 nmethod 2284 0x000002564b1b5f90 code [0x000002564b1b6140, 0x000002564b1b63f8]
Event: 12.218 Thread 0x000002565e552000 2285       3       java.util.concurrent.ConcurrentHashMap$CollectionView::<init> (10 bytes)
Event: 12.304 Thread 0x000002565e552000 nmethod 2285 0x000002564b1b6490 code [0x000002564b1b6640, 0x000002564b1b67f8]
Event: 22.174 Thread 0x000002565e54e800 2286       4       java.io.ObjectInputStream::readClassDesc (123 bytes)

GC Heap History (4 events):
Event: 2.082 GC heap before
{Heap before GC invocations=0 (full 0):
 garbage-first heap   total 131072K, used 23552K [0x00000000d1200000, 0x0000000100000000)
  region size 1024K, 24 young (24576K), 0 survivors (0K)
 Metaspace       used 16579K, capacity 17166K, committed 17408K, reserved 1064960K
  class space    used 1707K, capacity 1953K, committed 2048K, reserved 1048576K
}
Event: 2.094 GC heap after
{Heap after GC invocations=1 (full 0):
 garbage-first heap   total 131072K, used 5328K [0x00000000d1200000, 0x0000000100000000)
  region size 1024K, 3 young (3072K), 3 survivors (3072K)
 Metaspace       used 16579K, capacity 17166K, committed 17408K, reserved 1064960K
  class space    used 1707K, capacity 1953K, committed 2048K, reserved 1048576K
}
Event: 4.848 GC heap before
{Heap before GC invocations=1 (full 0):
 garbage-first heap   total 131072K, used 18640K [0x00000000d1200000, 0x0000000100000000)
  region size 1024K, 16 young (16384K), 3 survivors (3072K)
 Metaspace       used 18155K, capacity 18818K, committed 19072K, reserved 1067008K
  class space    used 1828K, capacity 2062K, committed 2176K, reserved 1048576K
}
Event: 4.854 GC heap after
{Heap after GC invocations=2 (full 0):
 garbage-first heap   total 131072K, used 6080K [0x00000000d1200000, 0x0000000100000000)
  region size 1024K, 1 young (1024K), 1 survivors (1024K)
 Metaspace       used 18155K, capacity 18818K, committed 19072K, reserved 1067008K
  class space    used 1828K, capacity 2062K, committed 2176K, reserved 1048576K
}

Deoptimization events (20 events):
Event: 6.185 Thread 0x000002565f499000 DEOPT PACKING pc=0x000002564b183450 sp=0x000000811abfad60
Event: 6.186 Thread 0x000002565f499000 DEOPT UNPACKING pc=0x000002564a7c9d0e sp=0x000000811abfa1e8 mode 0
Event: 9.799 Thread 0x0000025660257800 Uncommon trap: trap_request=0xffffff4d fr.pc=0x00000256522becc4 relative=0x00000000000000a4
Event: 9.799 Thread 0x0000025660257800 Uncommon trap: reason=unstable_if action=reinterpret pc=0x00000256522becc4 method=java.lang.CharacterDataLatin1.digit(II)I @ 12 c2
Event: 9.799 Thread 0x0000025660257800 DEOPT PACKING pc=0x00000256522becc4 sp=0x0000008119afaa10
Event: 9.799 Thread 0x0000025660257800 DEOPT UNPACKING pc=0x000002564a7885af sp=0x0000008119afa988 mode 2
Event: 9.874 Thread 0x0000025660257800 Uncommon trap: trap_request=0xffffffcc fr.pc=0x0000025652317678 relative=0x00000000000002b8
Event: 9.874 Thread 0x0000025660257800 Uncommon trap: reason=intrinsic_or_type_checked_inlining action=make_not_entrant pc=0x0000025652317678 method=java.util.Arrays.copyOf([Ljava/lang/Object;ILjava/lang/Class;)[Ljava/lang/Object; @ 35 c2
Event: 9.874 Thread 0x0000025660257800 DEOPT PACKING pc=0x0000025652317678 sp=0x0000008119afab60
Event: 9.874 Thread 0x0000025660257800 DEOPT UNPACKING pc=0x000002564a7885af sp=0x0000008119afaaf0 mode 2
Event: 9.876 Thread 0x0000025660257800 DEOPT PACKING pc=0x000002564af2ee8b sp=0x0000008119afa630
Event: 9.876 Thread 0x0000025660257800 DEOPT UNPACKING pc=0x000002564a7c9d0e sp=0x0000008119af9b08 mode 0
Event: 9.878 Thread 0x0000025660257800 Uncommon trap: trap_request=0xffffff4d fr.pc=0x00000256522e989c relative=0x00000000000049dc
Event: 9.878 Thread 0x0000025660257800 Uncommon trap: reason=unstable_if action=reinterpret pc=0x00000256522e989c method=com.sun.crypto.provider.PBKDF2KeyImpl.deriveKey(Ljavax/crypto/Mac;[B[BII)[B @ 172 c2
Event: 9.878 Thread 0x0000025660257800 DEOPT PACKING pc=0x00000256522e989c sp=0x0000008119afa5c0
Event: 9.878 Thread 0x0000025660257800 DEOPT UNPACKING pc=0x000002564a7885af sp=0x0000008119afa608 mode 2
Event: 9.889 Thread 0x0000025660257800 Uncommon trap: trap_request=0xffffff4d fr.pc=0x0000025652367714 relative=0x00000000000005b4
Event: 9.889 Thread 0x0000025660257800 Uncommon trap: reason=unstable_if action=reinterpret pc=0x0000025652367714 method=java.lang.PublicMethods$MethodList.filter([Ljava/lang/reflect/Method;Ljava/lang/String;[Ljava/lang/Class;Z)Ljava/lang/PublicMethods$MethodList; @ 58 c2
Event: 9.889 Thread 0x0000025660257800 DEOPT PACKING pc=0x0000025652367714 sp=0x0000008119afae50
Event: 9.889 Thread 0x0000025660257800 DEOPT UNPACKING pc=0x000002564a7885af sp=0x0000008119afadf0 mode 2

Classes redefined (0 events):
No events

Internal exceptions (20 events):
Event: 1.484 Thread 0x0000025660257800 Exception <a 'java/lang/NoSuchMethodError'{0x00000000d83ccfd0}: 'java.lang.Object java.lang.invoke.DirectMethodHandle$Holder.invokeVirtual(java.lang.Object, java.lang.Object, java.lang.Object, java.lang.Object)'> (0x00000000d83ccfd0) thrown at [src/hotspot/share/interpreter/linkResolver.cpp, line 773]
Event: 1.506 Thread 0x0000025660257800 Exception <a 'java/lang/NoSuchMethodError'{0x00000000d8249cc8}: 'int java.lang.invoke.DirectMethodHandle$Holder.invokeStaticInit(java.lang.Object, java.lang.Object, java.lang.Object, java.lang.Object)'> (0x00000000d8249cc8) thrown at [src/hotspot/share/interpreter/linkResolver.cpp, line 773]
Event: 1.507 Thread 0x0000025660257800 Exception <a 'java/lang/IncompatibleClassChangeError'{0x00000000d82532f0}: Found class java.lang.Object, but interface was expected> (0x00000000d82532f0) thrown at [src/hotspot/share/interpreter/linkResolver.cpp, line 839]
Event: 1.507 Thread 0x0000025660257800 Exception <a 'java/lang/NoSuchMethodError'{0x00000000d82564a0}: 'void java.lang.invoke.DirectMethodHandle$Holder.invokeStaticInit(java.lang.Object, java.lang.Object)'> (0x00000000d82564a0) thrown at [src/hotspot/share/interpreter/linkResolver.cpp, line 773]
Event: 1.508 Thread 0x0000025660257800 Exception <a 'java/lang/NoSuchMethodError'{0x00000000d825be28}: 'int java.lang.invoke.DirectMethodHandle$Holder.invokeStaticInit(java.lang.Object, java.lang.Object)'> (0x00000000d825be28) thrown at [src/hotspot/share/interpreter/linkResolver.cpp, line 773]
Event: 1.565 Thread 0x0000025660257800 Exception <a 'java/lang/NoSuchMethodError'{0x00000000d814dfa8}: 'java.lang.Object java.lang.invoke.DirectMethodHandle$Holder.invokeStaticInit(java.lang.Object, java.lang.Object, java.lang.Object)'> (0x00000000d814dfa8) thrown at [src/hotspot/share/interpreter/linkResolver.cpp, line 773]
Event: 1.699 Thread 0x0000025660257800 Exception <a 'sun/nio/fs/WindowsException'{0x00000000d7e3f208}> (0x00000000d7e3f208) thrown at [src/hotspot/share/prims/jni.cpp, line 617]
Event: 1.702 Thread 0x0000025660257800 Exception <a 'java/lang/NoSuchMethodError'{0x00000000d7e46678}: 'int java.lang.invoke.DirectMethodHandle$Holder.invokeSpecialIFC(java.lang.Object, java.lang.Object, int)'> (0x00000000d7e46678) thrown at [src/hotspot/share/interpreter/linkResolver.cpp, line 773]
Event: 2.352 Thread 0x0000025660257800 Exception <a 'java/lang/NoSuchMethodError'{0x00000000d8e5d040}: <clinit>> (0x00000000d8e5d040) thrown at [src/hotspot/share/prims/jni.cpp, line 1367]
Event: 2.757 Thread 0x0000025660257800 Exception <a 'java/lang/NoSuchMethodError'{0x00000000d8df3620}: <clinit>> (0x00000000d8df3620) thrown at [src/hotspot/share/prims/jni.cpp, line 1367]
Event: 2.758 Thread 0x0000025660257800 Exception <a 'java/lang/NoSuchMethodError'{0x00000000d8c000f8}: <clinit>> (0x00000000d8c000f8) thrown at [src/hotspot/share/prims/jni.cpp, line 1367]
Event: 2.876 Thread 0x0000025660257800 Exception <a 'java/lang/NoSuchMethodError'{0x00000000d8b17c08}: <clinit>> (0x00000000d8b17c08) thrown at [src/hotspot/share/prims/jni.cpp, line 1367]
Event: 2.877 Thread 0x0000025660257800 Exception <a 'java/lang/NoSuchMethodError'{0x00000000d8b22d38}: <clinit>> (0x00000000d8b22d38) thrown at [src/hotspot/share/prims/jni.cpp, line 1367]
Event: 2.878 Thread 0x0000025660257800 Exception <a 'java/lang/NoSuchMethodError'{0x00000000d8b31228}: <clinit>> (0x00000000d8b31228) thrown at [src/hotspot/share/prims/jni.cpp, line 1367]
Event: 4.634 Thread 0x000002565f499000 Exception <a 'java/lang/NoSuchMethodError'{0x00000000d87c9a38}: <clinit>> (0x00000000d87c9a38) thrown at [src/hotspot/share/prims/jni.cpp, line 1367]
Event: 6.017 Thread 0x000002565f499000 Exception <a 'java/lang/NoSuchMethodError'{0x00000000d8800498}: <clinit>> (0x00000000d8800498) thrown at [src/hotspot/share/prims/jni.cpp, line 1367]
Event: 6.017 Thread 0x000002565f499000 Exception <a 'java/lang/NoSuchMethodError'{0x00000000d8801c48}: <clinit>> (0x00000000d8801c48) thrown at [src/hotspot/share/prims/jni.cpp, line 1367]
Event: 6.020 Thread 0x000002565f499000 Exception <a 'java/lang/NoSuchMethodError'{0x00000000d8818550}: <clinit>> (0x00000000d8818550) thrown at [src/hotspot/share/prims/jni.cpp, line 1367]
Event: 6.022 Thread 0x000002565f499000 Exception <a 'java/lang/NoSuchMethodError'{0x00000000d8819bc0}: <clinit>> (0x00000000d8819bc0) thrown at [src/hotspot/share/prims/jni.cpp, line 1367]
Event: 10.567 Thread 0x0000025660257800 Exception <a 'java/lang/NoSuchMethodError'{0x00000000d8374010}: <clinit>> (0x00000000d8374010) thrown at [src/hotspot/share/prims/jni.cpp, line 1367]

Events (20 events):
Event: 12.316 Executing coalesced safepoint VM operation: RevokeBias done
Event: 12.316 Executing coalesced safepoint VM operation: RevokeBias
Event: 12.316 Executing coalesced safepoint VM operation: RevokeBias done
Event: 12.316 Executing VM operation: RevokeBias done
Event: 12.316 Thread 0x000002565f499800 Thread exited: 0x000002565f499800
Event: 12.318 Thread 0x000002565f49a800 Thread exited: 0x000002565f49a800
Event: 12.320 Executing VM operation: BulkRevokeBias
Event: 12.320 Thread 0x000002565f493000 Thread exited: 0x000002565f493000
Event: 12.320 Executing coalesced safepoint VM operation: RevokeBias
Event: 12.320 Executing coalesced safepoint VM operation: RevokeBias done
Event: 12.320 Executing VM operation: BulkRevokeBias done
Event: 12.325 Thread 0x000002565f49b800 Thread exited: 0x000002565f49b800
Event: 12.326 Executing VM operation: RevokeBias
Event: 12.326 Executing VM operation: RevokeBias done
Event: 12.328 Executing VM operation: RevokeBias
Event: 12.329 Executing VM operation: RevokeBias done
Event: 12.329 Thread 0x000002565f494800 Thread exited: 0x000002565f494800
Event: 12.329 Executing VM operation: RevokeBias
Event: 12.329 Executing VM operation: RevokeBias done
Event: 12.331 Thread 0x000002565f498000 Thread exited: 0x000002565f498000


Dynamic libraries:
0x00007ff764c60000 - 0x00007ff764c6a000 	C:\Program Files\JetBrains\IntelliJ IDEA 2022.1.2\jbr\bin\java.exe
0x00007ffb016f0000 - 0x00007ffb01904000 	C:\Windows\SYSTEM32\ntdll.dll
0x00007ffaffaf0000 - 0x00007ffaffbb4000 	C:\Windows\System32\KERNEL32.DLL
0x00007ffaff080000 - 0x00007ffaff424000 	C:\Windows\System32\KERNELBASE.dll
0x00007ffafee40000 - 0x00007ffafef51000 	C:\Windows\System32\ucrtbase.dll
0x00007ffadb1d0000 - 0x00007ffadb1e6000 	C:\Program Files\JetBrains\IntelliJ IDEA 2022.1.2\jbr\bin\VCRUNTIME140.dll
0x00007ffaf6b70000 - 0x00007ffaf6b89000 	C:\Program Files\JetBrains\IntelliJ IDEA 2022.1.2\jbr\bin\jli.dll
0x00007ffaff5a0000 - 0x00007ffaff74a000 	C:\Windows\System32\USER32.dll
0x00007ffafed00000 - 0x00007ffafed26000 	C:\Windows\System32\win32u.dll
0x00007ffb012f0000 - 0x00007ffb01319000 	C:\Windows\System32\GDI32.dll
0x00007ffafef60000 - 0x00007ffaff079000 	C:\Windows\System32\gdi32full.dll
0x00007ffafeda0000 - 0x00007ffafee3a000 	C:\Windows\System32\msvcp_win.dll
0x00007ffae1db0000 - 0x00007ffae203f000 	C:\Windows\WinSxS\amd64_microsoft.windows.common-controls_6595b64144ccf1df_6.0.22621.2070_none_2713e6537381f706\COMCTL32.dll
0x00007ffaffa40000 - 0x00007ffaffae7000 	C:\Windows\System32\msvcrt.dll
0x00007ffaff930000 - 0x00007ffaff961000 	C:\Windows\System32\IMM32.DLL
0x00007ffaadb50000 - 0x00007ffaadbfa000 	C:\Program Files\JetBrains\IntelliJ IDEA 2022.1.2\jbr\bin\msvcp140.dll
0x00007ffaac3b0000 - 0x00007ffaacf2b000 	C:\Program Files\JetBrains\IntelliJ IDEA 2022.1.2\jbr\bin\server\jvm.dll
0x00007ffb01240000 - 0x00007ffb012f0000 	C:\Windows\System32\ADVAPI32.dll
0x00007ffb004d0000 - 0x00007ffb00576000 	C:\Windows\System32\sechost.dll
0x00007ffaff760000 - 0x00007ffaff877000 	C:\Windows\System32\RPCRT4.dll
0x00007ffb00680000 - 0x00007ffb00688000 	C:\Windows\System32\PSAPI.DLL
0x00007ffaf7ba0000 - 0x00007ffaf7baa000 	C:\Windows\SYSTEM32\VERSION.dll
0x00007ffaf6a00000 - 0x00007ffaf6a34000 	C:\Windows\SYSTEM32\WINMM.dll
0x00007ffad7390000 - 0x00007ffad7399000 	C:\Windows\SYSTEM32\WSOCK32.dll
0x00007ffaffbc0000 - 0x00007ffaffc31000 	C:\Windows\System32\WS2_32.dll
0x00007ffafda80000 - 0x00007ffafda98000 	C:\Windows\SYSTEM32\kernel.appcore.dll
0x00007ffaf9960000 - 0x00007ffaf9971000 	C:\Program Files\JetBrains\IntelliJ IDEA 2022.1.2\jbr\bin\verify.dll
0x00007ffafc430000 - 0x00007ffafc65e000 	C:\Windows\SYSTEM32\DBGHELP.DLL
0x00007ffb01320000 - 0x00007ffb016aa000 	C:\Windows\System32\combase.dll
0x00007ffaff4b0000 - 0x00007ffaff587000 	C:\Windows\System32\OLEAUT32.dll
0x00007ffaee880000 - 0x00007ffaee8b2000 	C:\Windows\SYSTEM32\dbgcore.DLL
0x00007ffaff430000 - 0x00007ffaff4aa000 	C:\Windows\System32\bcryptPrimitives.dll
0x00007ffaf98e0000 - 0x00007ffaf9909000 	C:\Program Files\JetBrains\IntelliJ IDEA 2022.1.2\jbr\bin\java.dll
0x00007ffafae40000 - 0x00007ffafae4b000 	C:\Program Files\JetBrains\IntelliJ IDEA 2022.1.2\jbr\bin\jimage.dll
0x00007ffaf3280000 - 0x00007ffaf3299000 	C:\Program Files\JetBrains\IntelliJ IDEA 2022.1.2\jbr\bin\zip.dll
0x00007ffaffc40000 - 0x00007ffb00456000 	C:\Windows\System32\SHELL32.dll
0x00007ffafca50000 - 0x00007ffafd33a000 	C:\Windows\SYSTEM32\windows.storage.dll
0x00007ffafc910000 - 0x00007ffafca4e000 	C:\Windows\SYSTEM32\wintypes.dll
0x00007ffb00ba0000 - 0x00007ffb00c93000 	C:\Windows\System32\SHCORE.dll
0x00007ffb00590000 - 0x00007ffb005ee000 	C:\Windows\System32\shlwapi.dll
0x00007ffafea00000 - 0x00007ffafea26000 	C:\Windows\SYSTEM32\profapi.dll
0x00007ffaf24c0000 - 0x00007ffaf24da000 	C:\Program Files\JetBrains\IntelliJ IDEA 2022.1.2\jbr\bin\net.dll
0x00007ffaf8a60000 - 0x00007ffaf8b97000 	C:\Windows\SYSTEM32\WINHTTP.dll
0x00007ffafdfb0000 - 0x00007ffafe019000 	C:\Windows\system32\mswsock.dll
0x00007ffaf1fa0000 - 0x00007ffaf1fb4000 	C:\Program Files\JetBrains\IntelliJ IDEA 2022.1.2\jbr\bin\nio.dll
0x00007ffafe350000 - 0x00007ffafe36b000 	C:\Windows\SYSTEM32\CRYPTSP.dll
0x00007ffafda40000 - 0x00007ffafda75000 	C:\Windows\system32\rsaenh.dll
0x00007ffafe050000 - 0x00007ffafe07c000 	C:\Windows\SYSTEM32\USERENV.dll
0x00007ffafe470000 - 0x00007ffafe498000 	C:\Windows\SYSTEM32\bcrypt.dll
0x00007ffafe330000 - 0x00007ffafe33c000 	C:\Windows\SYSTEM32\CRYPTBASE.dll
0x00007ffafd5a0000 - 0x00007ffafd5cd000 	C:\Windows\SYSTEM32\IPHLPAPI.DLL
0x00007ffb00580000 - 0x00007ffb00589000 	C:\Windows\System32\NSI.dll
0x00007ffaf71a0000 - 0x00007ffaf71b9000 	C:\Windows\SYSTEM32\dhcpcsvc6.DLL
0x00007ffaf6e10000 - 0x00007ffaf6e2f000 	C:\Windows\SYSTEM32\dhcpcsvc.DLL
0x00007ffafd610000 - 0x00007ffafd703000 	C:\Windows\SYSTEM32\DNSAPI.dll
0x00007ffaf24b0000 - 0x00007ffaf24b8000 	C:\Program Files\JetBrains\IntelliJ IDEA 2022.1.2\jbr\bin\rmi.dll
0x00007ffaf5060000 - 0x00007ffaf506a000 	C:\Windows\System32\rasadhlp.dll
0x00007ffaf39e0000 - 0x00007ffaf3a64000 	C:\Windows\System32\fwpuclnt.dll
0x00007ffaf9850000 - 0x00007ffaf985a000 	C:\Program Files\JetBrains\IntelliJ IDEA 2022.1.2\jbr\bin\management.dll
0x00007ffaf9830000 - 0x00007ffaf983d000 	C:\Program Files\JetBrains\IntelliJ IDEA 2022.1.2\jbr\bin\management_ext.dll
0x00007ffaf6bd0000 - 0x00007ffaf6bdf000 	C:\Program Files\JetBrains\IntelliJ IDEA 2022.1.2\jbr\bin\sunmscapi.dll
0x00007ffafeb90000 - 0x00007ffafecf7000 	C:\Windows\System32\CRYPT32.dll
0x00007ffafe440000 - 0x00007ffafe46e000 	C:\Windows\SYSTEM32\ncrypt.dll
0x00007ffafe400000 - 0x00007ffafe437000 	C:\Windows\SYSTEM32\NTASN1.dll
0x00007ffaf13b0000 - 0x00007ffaf13d8000 	C:\Program Files\JetBrains\IntelliJ IDEA 2022.1.2\jbr\bin\sunec.dll

dbghelp: loaded successfully - version: 4.0.5 - missing functions: none
symbol engine: initialized successfully - sym options: 0x614 - pdb path: .;C:\Program Files\JetBrains\IntelliJ IDEA 2022.1.2\jbr\bin;C:\Windows\SYSTEM32;C:\Windows\WinSxS\amd64_microsoft.windows.common-controls_6595b64144ccf1df_6.0.22621.2070_none_2713e6537381f706;C:\Program Files\JetBrains\IntelliJ IDEA 2022.1.2\jbr\bin\server

VM Arguments:
jvm_args: -Djava.rmi.server.hostname=127.0.0.1 -Duser.timezone=UTC -Xmx750m -Xms128m -Dfile.encoding=UTF-8 
java_command: com.intellij.database.remote.RemoteJdbcServer org.postgresql.Driver
java_class_path (initial): C:\Program Files\JetBrains\IntelliJ IDEA 2022.1.2\lib\util_rt.jar;C:\Program Files\JetBrains\IntelliJ IDEA 2022.1.2\lib\util.jar;C:\Program Files\JetBrains\IntelliJ IDEA 2022.1.2\lib\groovy.jar;C:\Program Files\JetBrains\IntelliJ IDEA 2022.1.2\plugins\DatabaseTools\lib\jdbc-console.jar;C:\Users\abdim\AppData\Roaming\JetBrains\IntelliJIdea2022.1\jdbc-drivers\PostgreSQL\42.6.0\org\postgresql\postgresql\42.6.0\postgresql-42.6.0.jar;C:\Users\abdim\AppData\Roaming\JetBrains\IntelliJIdea2022.1\jdbc-drivers\PostgreSQL\42.6.0\org\checkerframework\checker-qual\3.31.0\checker-qual-3.31.0.jar;C:\Users\abdim\AppData\Roaming\JetBrains\IntelliJIdea2022.1\jdbc-drivers\PostgreSQL\42.6.0\com\github\waffle\waffle-jna\1.9.1\waffle-jna-1.9.1.jar;C:\Users\abdim\AppData\Roaming\JetBrains\IntelliJIdea2022.1\jdbc-drivers\PostgreSQL\42.6.0\net\java\dev\jna\jna\4.5.1\jna-4.5.1.jar;C:\Users\abdim\AppData\Roaming\JetBrains\IntelliJIdea2022.1\jdbc-drivers\PostgreSQL\42.6.0\net\java\dev\jna\jna-platform\4.5.1\jna-platform-4.5.1.jar;C:\Users\abdim\AppData\Roaming\JetBrains\IntelliJIdea2022.1\jdbc-drivers\PostgreSQL\42.6.0\org\slf4j\jcl-over-slf4j\1.7.25\jcl-over-slf4j-1.7.25.jar;C:\Users\abdim\AppData\Roaming\JetBrains\IntelliJIdea2022.1\jdbc-drivers\PostgreSQL\42.6.0\org\slf4j\slf4j-api\1.7.25\slf4j-api-1.7.25.jar;C:\Users\abdim\AppData\Roaming\JetBrains\IntelliJIdea2022.1\jdbc-drivers\PostgreSQL\42.6.0\com\github\ben-manes\caffeine\caffeine\2.6.2\caffeine-2.6.2.jar
Launcher Type: SUN_STANDARD

[Global flags]
     intx CICompilerCount                          = 4                                         {product} {ergonomic}
     uint ConcGCThreads                            = 3                                         {product} {ergonomic}
     uint G1ConcRefinementThreads                  = 10                                        {product} {ergonomic}
   size_t G1HeapRegionSize                         = 1048576                                   {product} {ergonomic}
    uintx GCDrainStackTargetSize                   = 64                                        {product} {ergonomic}
   size_t InitialHeapSize                          = 134217728                                 {product} {command line}
   size_t MarkStackSize                            = 4194304                                   {product} {ergonomic}
   size_t MaxHeapSize                              = 786432000                                 {product} {command line}
   size_t MaxNewSize                               = 471859200                                 {product} {ergonomic}
   size_t MinHeapDeltaBytes                        = 1048576                                   {product} {ergonomic}
    uintx NonNMethodCodeHeapSize                   = 5836300                                {pd product} {ergonomic}
    uintx NonProfiledCodeHeapSize                  = 122910970                              {pd product} {ergonomic}
    uintx ProfiledCodeHeapSize                     = 122910970                              {pd product} {ergonomic}
    uintx ReservedCodeCacheSize                    = 251658240                              {pd product} {ergonomic}
     bool SegmentedCodeCache                       = true                                      {product} {ergonomic}
     bool UseCompressedClassPointers               = true                                 {lp64_product} {ergonomic}
     bool UseCompressedOops                        = true                                 {lp64_product} {ergonomic}
     bool UseG1GC                                  = true                                      {product} {ergonomic}
     bool UseLargePagesIndividualAllocation        = false                                  {pd product} {ergonomic}

Logging:
Log output configuration:
 #0: stdout all=warning uptime,level,tags
 #1: stderr all=off uptime,level,tags

Environment Variables:
PATH=C:\Program Files\Common Files\Oracle\Java\javapath;C:\Windows\system32;C:\Windows;C:\Windows\System32\Wbem;C:\Windows\System32\WindowsPowerShell\v1.0\;C:\Windows\System32\OpenSSH\;C:\Program Files\Git\cmd;C:\Program Files\dotnet\;C:\Program Files\Microsoft SQL Server\150\Tools\Binn\;C:\Program Files\Microsoft SQL Server\Client SDK\ODBC\170\Tools\Binn\;C:\Program Files\nodejs\;C:\Users\abdim\AppData\Local\Microsoft\WindowsApps;;C:\Users\abdim\AppData\Local\Programs\Microsoft VS Code\bin;C:\Program Files\JetBrains\IntelliJ IDEA 2022.1.2\bin;;C:\Users\abdim\.dotnet\tools;C:\Users\abdim\AppData\Roaming\npm
USERNAME=abdim
OS=Windows_NT
PROCESSOR_IDENTIFIER=Intel64 Family 6 Model 141 Stepping 1, GenuineIntel



---------------  S Y S T E M  ---------------

OS: Windows 11 , 64 bit Build 22621 (10.0.22621.2070)
OS uptime: 1 days 16:30 hours
Hyper-V role detected

CPU:total 12 (initial active 12) (6 cores per cpu, 2 threads per core) family 6 model 141 stepping 1 microcode 0x34, cmov, cx8, fxsr, mmx, sse, sse2, sse3, ssse3, sse4.1, sse4.2, popcnt, avx, avx2, aes, clmul, erms, 3dnowpref, lzcnt, ht, tsc, tscinvbit, bmi1, bmi2, adx, evex, sha, fma

Memory: 4k page, system-wide physical 24314M (6646M free)
TotalPageFile size 24314M (AvailPageFile size 6M)
current process WorkingSet (physical memory assigned to process): 119M, peak: 155M
current process commit charge ("private bytes"): 255M, peak: 290M

vm_info: OpenJDK 64-Bit Server VM (11.0.15+10-b2043.56) for windows-amd64 JRE (11.0.15+10-b2043.56), built on May 16 2022 02:28:12 by "" with MS VC++ 14.0 (VS2015)

END.
